This is pdfTeX, Version 3.141592653-2.6-1.40.22 (TeX Live 2022/dev/Debian) (preloaded format=pdflatex 2025.11.17)  26 DEC 2025 19:58
entering extended mode
 restricted \write18 enabled.
 %&-line parsing enabled.
**fuckingrapport2.tex
(./fuckingrapport2.tex
LaTeX2e <2021-11-15> patch level 1
L3 programming layer <2022-01-21>
(/usr/share/texlive/texmf-dist/tex/latex/base/article.cls
Document Class: article 2021/10/04 v1.4n Standard LaTeX document class
(/usr/share/texlive/texmf-dist/tex/latex/base/size12.clo
File: size12.clo 2021/10/04 v1.4n Standard LaTeX file (size option)
)
\c@part=\count185
\c@section=\count186
\c@subsection=\count187
\c@subsubsection=\count188
\c@paragraph=\count189
\c@subparagraph=\count190
\c@figure=\count191
\c@table=\count192
\abovecaptionskip=\skip47
\belowcaptionskip=\skip48
\bibindent=\dimen138
)
(/usr/share/texlive/texmf-dist/tex/latex/graphics/graphicx.sty
Package: graphicx 2021/09/16 v1.2d Enhanced LaTeX Graphics (DPC,SPQR)

(/usr/share/texlive/texmf-dist/tex/latex/graphics/keyval.sty
Package: keyval 2014/10/28 v1.15 key=value parser (DPC)
\KV@toks@=\toks16
)
(/usr/share/texlive/texmf-dist/tex/latex/graphics/graphics.sty
Package: graphics 2021/03/04 v1.4d Standard LaTeX Graphics (DPC,SPQR)

(/usr/share/texlive/texmf-dist/tex/latex/graphics/trig.sty
Package: trig 2021/08/11 v1.11 sin cos tan (DPC)
)
(/usr/share/texlive/texmf-dist/tex/latex/graphics-cfg/graphics.cfg
File: graphics.cfg 2016/06/04 v1.11 sample graphics configuration
)
Package graphics Info: Driver file: pdftex.def on input line 107.

(/usr/share/texlive/texmf-dist/tex/latex/graphics-def/pdftex.def
File: pdftex.def 2020/10/05 v1.2a Graphics/color driver for pdftex
))
\Gin@req@height=\dimen139
\Gin@req@width=\dimen140
)
(/usr/share/texlive/texmf-dist/tex/latex/float/float.sty
Package: float 2001/11/08 v1.3d Float enhancements (AL)
\c@float@type=\count193
\float@exts=\toks17
\float@box=\box50
\@float@everytoks=\toks18
\@floatcapt=\box51
)
(/usr/share/texlive/texmf-dist/tex/latex/booktabs/booktabs.sty
Package: booktabs 2020/01/12 v1.61803398 Publication quality tables
\heavyrulewidth=\dimen141
\lightrulewidth=\dimen142
\cmidrulewidth=\dimen143
\belowrulesep=\dimen144
\belowbottomsep=\dimen145
\aboverulesep=\dimen146
\abovetopsep=\dimen147
\cmidrulesep=\dimen148
\cmidrulekern=\dimen149
\defaultaddspace=\dimen150
\@cmidla=\count194
\@cmidlb=\count195
\@aboverulesep=\dimen151
\@belowrulesep=\dimen152
\@thisruleclass=\count196
\@lastruleclass=\count197
\@thisrulewidth=\dimen153
)
(/usr/share/texlive/texmf-dist/tex/latex/geometry/geometry.sty
Package: geometry 2020/01/02 v5.9 Page Geometry

(/usr/share/texlive/texmf-dist/tex/generic/iftex/ifvtex.sty
Package: ifvtex 2019/10/25 v1.7 ifvtex legacy package. Use iftex instead.

(/usr/share/texlive/texmf-dist/tex/generic/iftex/iftex.sty
Package: iftex 2020/03/06 v1.0d TeX engine tests
))
\Gm@cnth=\count198
\Gm@cntv=\count199
\c@Gm@tempcnt=\count266
\Gm@bindingoffset=\dimen154
\Gm@wd@mp=\dimen155
\Gm@odd@mp=\dimen156
\Gm@even@mp=\dimen157
\Gm@layoutwidth=\dimen158
\Gm@layoutheight=\dimen159
\Gm@layouthoffset=\dimen160
\Gm@layoutvoffset=\dimen161
\Gm@dimlist=\toks19
)
(/usr/share/texlive/texmf-dist/tex/latex/l3backend/l3backend-pdftex.def
File: l3backend-pdftex.def 2022-01-12 L3 backend support: PDF output (pdfTeX)
\l__color_backend_stack_int=\count267
\l__pdf_internal_box=\box52
)
(./fuckingrapport2.aux)
\openout1 = `fuckingrapport2.aux'.

LaTeX Font Info:    Checking defaults for OML/cmm/m/it on input line 14.
LaTeX Font Info:    ... okay on input line 14.
LaTeX Font Info:    Checking defaults for OMS/cmsy/m/n on input line 14.
LaTeX Font Info:    ... okay on input line 14.
LaTeX Font Info:    Checking defaults for OT1/cmr/m/n on input line 14.
LaTeX Font Info:    ... okay on input line 14.
LaTeX Font Info:    Checking defaults for T1/cmr/m/n on input line 14.
LaTeX Font Info:    ... okay on input line 14.
LaTeX Font Info:    Checking defaults for TS1/cmr/m/n on input line 14.
LaTeX Font Info:    ... okay on input line 14.
LaTeX Font Info:    Checking defaults for OMX/cmex/m/n on input line 14.
LaTeX Font Info:    ... okay on input line 14.
LaTeX Font Info:    Checking defaults for U/cmr/m/n on input line 14.
LaTeX Font Info:    ... okay on input line 14.

(/usr/share/texlive/texmf-dist/tex/context/base/mkii/supp-pdf.mkii
[Loading MPS to PDF converter (version 2006.09.02).]
\scratchcounter=\count268
\scratchdimen=\dimen162
\scratchbox=\box53
\nofMPsegments=\count269
\nofMParguments=\count270
\everyMPshowfont=\toks20
\MPscratchCnt=\count271
\MPscratchDim=\dimen163
\MPnumerator=\count272
\makeMPintoPDFobject=\count273
\everyMPtoPDFconversion=\toks21
) (/usr/share/texlive/texmf-dist/tex/latex/epstopdf-pkg/epstopdf-base.sty
Package: epstopdf-base 2020-01-24 v2.11 Base part for package epstopdf
Package epstopdf-base Info: Redefining graphics rule for `.eps' on input line 4
85.

(/usr/share/texlive/texmf-dist/tex/latex/latexconfig/epstopdf-sys.cfg
File: epstopdf-sys.cfg 2010/07/13 v1.3 Configuration of (r)epstopdf for TeX Liv
e
))
*geometry* driver: auto-detecting
*geometry* detected driver: pdftex
*geometry* verbose mode - [ preamble ] result:
* driver: pdftex
* paper: a4paper
* layout: <same size as paper>
* layoutoffset:(h,v)=(0.0pt,0.0pt)
* modes: 
* h-part:(L,W,R)=(71.13188pt, 455.24411pt, 71.13188pt)
* v-part:(T,H,B)=(71.13188pt, 702.78308pt, 71.13188pt)
* \paperwidth=597.50787pt
* \paperheight=845.04684pt
* \textwidth=455.24411pt
* \textheight=702.78308pt
* \oddsidemargin=-1.1381pt
* \evensidemargin=-1.1381pt
* \topmargin=-38.1381pt
* \headheight=12.0pt
* \headsep=25.0pt
* \topskip=12.0pt
* \footskip=30.0pt
* \marginparwidth=35.0pt
* \marginparsep=10.0pt
* \columnsep=10.0pt
* \skip\footins=10.8pt plus 4.0pt minus 2.0pt
* \hoffset=0.0pt
* \voffset=0.0pt
* \mag=1000
* \@twocolumnfalse
* \@twosidefalse
* \@mparswitchfalse
* \@reversemarginfalse
* (1in=72.27pt=25.4mm, 1cm=28.453pt)


Underfull \hbox (badness 10000) in paragraph at lines 31--35

 []

[1

{/var/lib/texmf/fonts/map/pdftex/updmap/pdftex.map}]
</home/crow/Pictures/Screenshots/1.png, id=9, 943.525pt x 75.28125pt>
File: /home/crow/Pictures/Screenshots/1.png Graphic file (type png)
<use /home/crow/Pictures/Screenshots/1.png>
Package pdftex.def Info: /home/crow/Pictures/Screenshots/1.png  used on input l
ine 47.
(pdftex.def)             Requested size: 409.71692pt x 32.69078pt.

Overfull \hbox (25.05325pt too wide) in paragraph at lines 44--48
[]\OT1/cmr/m/n/12 create ta-blespace bel-mouloud[]tbs datafile '/opt/oracle/ora
data/XE/belmouloud[]tbs.dbf'
 []

</home/crow/Pictures/Screenshots/2.png, id=11, 1080.035pt x 87.32625pt>
File: /home/crow/Pictures/Screenshots/2.png Graphic file (type png)
<use /home/crow/Pictures/Screenshots/2.png>
Package pdftex.def Info: /home/crow/Pictures/Screenshots/2.png  used on input l
ine 53.
(pdftex.def)             Requested size: 409.71692pt x 33.12701pt.

Overfull \hbox (12.74075pt too wide) in paragraph at lines 50--54
[]\OT1/cmr/m/n/12 create tem-po-rary ta-blespace bel-mouloud2[]temptbs temp-fil
e '/opt/oracle/oradata/XE/ 
 []

</home/crow/Pictures/Screenshots/3.png, id=12, 1080.035pt x 88.33pt>
File: /home/crow/Pictures/Screenshots/3.png Graphic file (type png)
<use /home/crow/Pictures/Screenshots/3.png>
Package pdftex.def Info: /home/crow/Pictures/Screenshots/3.png  used on input l
ine 60.
(pdftex.def)             Requested size: 409.71692pt x 33.50778pt.

Overfull \hbox (20.27344pt too wide) in paragraph at lines 57--61
[]\OT1/cmr/m/n/12 create user tp1[]belmouloud iden-ti-fied by mus-mus3108 de-fa
ult ta-blespace bel-mouloud[]tbs
 []

</home/crow/Pictures/Screenshots/4.png, id=13, 1080.035pt x 88.33pt>
File: /home/crow/Pictures/Screenshots/4.png Graphic file (type png)
<use /home/crow/Pictures/Screenshots/4.png>
Package pdftex.def Info: /home/crow/Pictures/Screenshots/4.png  used on input l
ine 67.
(pdftex.def)             Requested size: 409.71692pt x 33.50778pt.

Underfull \hbox (badness 10000) in paragraph at lines 71--72

 []


Underfull \hbox (badness 10000) in paragraph at lines 73--74

 []


Underfull \hbox (badness 10000) in paragraph at lines 75--76

 []


Underfull \hbox (badness 10000) in paragraph at lines 77--78

 []


Underfull \hbox (badness 10000) in paragraph at lines 79--80

 []


Overfull \hbox (9.22855pt too wide) in paragraph at lines 81--82
[]\OT1/cmr/m/n/12 order[]comments (id pri-mary key, prod-uct[]id for-eign key, 
user[]id for-eign key,comments) 
 []


Underfull \hbox (badness 10000) in paragraph at lines 81--82

 []


Underfull \hbox (badness 10000) in paragraph at lines 86--91

 []


Underfull \hbox (badness 10000) in paragraph at lines 92--97

 []


Overfull \hbox (2.09799pt too wide) in paragraph at lines 98--109
\OT1/cmr/m/n/12 BER, price NUM-BER, cat-e-gory VAR-CHAR2(10), CON-STRAINT pk[]p
roducts PRI-
 []


Overfull \hbox (6.08pt too wide) in paragraph at lines 98--109
\OT1/cmr/m/n/12 100), CON-STRAINT chk[]category CHECK (cat-e-gory IN ('tshirt',
 'hoodie', 'jacket')),
 []


Underfull \hbox (badness 10000) in paragraph at lines 98--109

 []

[1 </home/crow/Pictures/Screenshots/1.png> </home/crow/Pictures/Screenshots/2.p
ng> </home/crow/Pictures/Screenshots/3.png> </home/crow/Pictures/Screenshots/4.
png>]
Overfull \hbox (3.1892pt too wide) in paragraph at lines 110--117
[]\OT1/cmr/m/n/12 CREATE TA-BLE or-ders ( prod-uct[]id NUM-BER, user[]id NUM-BE
R, CON-STRAINT
 []


Overfull \hbox (31.43575pt too wide) in paragraph at lines 110--117
\OT1/cmr/m/n/12 FOR-EIGN KEY (prod-uct[]id) REF-ER-ENCES prod-ucts (id), CON-ST
RAINT fk[]order[]user
 []


Underfull \hbox (badness 10000) in paragraph at lines 110--117

 []


Overfull \hbox (5.84459pt too wide) in paragraph at lines 118--127
\OT1/cmr/m/n/12 NUM-BER, com-ment-txt VAR-CHAR2(100), CON-STRAINT pk[]order[]co
mments PRI-
 []


Underfull \hbox (badness 10000) in paragraph at lines 118--127

 []

</home/crow/Pictures/Screenshots/5.png, id=21, 1050.92625pt x 541.02126pt>
File: /home/crow/Pictures/Screenshots/5.png Graphic file (type png)
<use /home/crow/Pictures/Screenshots/5.png>
Package pdftex.def Info: /home/crow/Pictures/Screenshots/5.png  used on input l
ine 140.
(pdftex.def)             Requested size: 409.71692pt x 210.92314pt.

Overfull \hbox (14.92194pt too wide) in paragraph at lines 128--141
\OT1/cmr/m/n/12 fk[]review[]seller FOR-EIGN KEY (seller[]id) REF-ER-ENCES sell-
ers (id), CON-STRAINT
 []


Underfull \hbox (badness 10000) in paragraph at lines 128--141

 []

</home/crow/Pictures/Screenshots/6.png, id=22, 655.44875pt x 188.705pt>
File: /home/crow/Pictures/Screenshots/6.png Graphic file (type png)
<use /home/crow/Pictures/Screenshots/6.png>
Package pdftex.def Info: /home/crow/Pictures/Screenshots/6.png  used on input l
ine 144.
(pdftex.def)             Requested size: 409.71692pt x 117.9576pt.
</home/crow/Pictures/Screenshots/7.png, id=23, 665.48625pt x 468.75125pt>
File: /home/crow/Pictures/Screenshots/7.png Graphic file (type png)
<use /home/crow/Pictures/Screenshots/7.png>
Package pdftex.def Info: /home/crow/Pictures/Screenshots/7.png  used on input l
ine 148.
(pdftex.def)             Requested size: 409.71692pt x 288.59859pt.
[2 </home/crow/Pictures/Screenshots/5.png>]
</home/crow/Pictures/Screenshots/8.png, id=28, 665.48625pt x 203.76125pt>
File: /home/crow/Pictures/Screenshots/8.png Graphic file (type png)
<use /home/crow/Pictures/Screenshots/8.png>
Package pdftex.def Info: /home/crow/Pictures/Screenshots/8.png  used on input l
ine 155.
(pdftex.def)             Requested size: 409.71692pt x 125.45078pt.
</home/crow/Pictures/Screenshots/9.png, id=29, 665.48625pt x 376.40625pt>
File: /home/crow/Pictures/Screenshots/9.png Graphic file (type png)
<use /home/crow/Pictures/Screenshots/9.png>
Package pdftex.def Info: /home/crow/Pictures/Screenshots/9.png  used on input l
ine 162.
(pdftex.def)             Requested size: 409.71692pt x 231.74405pt.
 [3 </home/crow/Pictures/Screenshots/6.png> </home/crow/Pictures/Screenshots/7.
png> </home/crow/Pictures/Screenshots/8.png>]
</home/crow/Pictures/Screenshots/10.png, id=36, 665.48625pt x 209.78375pt>
File: /home/crow/Pictures/Screenshots/10.png Graphic file (type png)
<use /home/crow/Pictures/Screenshots/10.png>
Package pdftex.def Info: /home/crow/Pictures/Screenshots/10.png  used on input 
line 168.
(pdftex.def)             Requested size: 409.71692pt x 129.15868pt.
</home/crow/Pictures/Screenshots/11.png, id=37, 665.48625pt x 312.16624pt>
File: /home/crow/Pictures/Screenshots/11.png Graphic file (type png)
<use /home/crow/Pictures/Screenshots/11.png>
Package pdftex.def Info: /home/crow/Pictures/Screenshots/11.png  used on input 
line 174.
(pdftex.def)             Requested size: 409.71692pt x 192.19307pt.
</home/crow/Pictures/Screenshots/12.png, id=38, 665.48625pt x 297.11pt>
File: /home/crow/Pictures/Screenshots/12.png Graphic file (type png)
<use /home/crow/Pictures/Screenshots/12.png>
Package pdftex.def Info: /home/crow/Pictures/Screenshots/12.png  used on input 
line 180.
(pdftex.def)             Requested size: 409.71692pt x 182.9233pt.
 [4 </home/crow/Pictures/Screenshots/9.png> </home/crow/Pictures/Screenshots/10
.png> </home/crow/Pictures/Screenshots/11.png>]
</home/crow/Pictures/Screenshots/13.png, id=45, 834.11626pt x 159.59625pt>
File: /home/crow/Pictures/Screenshots/13.png Graphic file (type png)
<use /home/crow/Pictures/Screenshots/13.png>
Package pdftex.def Info: /home/crow/Pictures/Screenshots/13.png  used on input 
line 186.
(pdftex.def)             Requested size: 409.71692pt x 78.39522pt.
</home/crow/Pictures/Screenshots/14.png, id=46, 569.12625pt x 141.52875pt>
File: /home/crow/Pictures/Screenshots/14.png Graphic file (type png)
<use /home/crow/Pictures/Screenshots/14.png>
Package pdftex.def Info: /home/crow/Pictures/Screenshots/14.png  used on input 
line 192.
(pdftex.def)             Requested size: 409.71692pt x 101.89197pt.
</home/crow/Pictures/Screenshots/15.png, id=47, 667.49374pt x 328.22626pt>
File: /home/crow/Pictures/Screenshots/15.png Graphic file (type png)
<use /home/crow/Pictures/Screenshots/15.png>
Package pdftex.def Info: /home/crow/Pictures/Screenshots/15.png  used on input 
line 212.
(pdftex.def)             Requested size: 409.71692pt x 201.47481pt.

Overfull \hbox (5.74461pt too wide) in paragraph at lines 195--213
\OT1/cmr/m/n/12 :NEW.discounted != vdis-count THEN RAISE[]APPLICATION[]ERROR(-2
0001, 'Or-
 []

[5 </home/crow/Pictures/Screenshots/12.png> </home/crow/Pictures/Screenshots/13
.png> </home/crow/Pictures/Screenshots/14.png>]
Underfull \hbox (badness 10000) in paragraph at lines 215--222

 []


Underfull \hbox (badness 10000) in paragraph at lines 223--230

 []


Underfull \hbox (badness 10000) in paragraph at lines 231--238

 []


Underfull \hbox (badness 10000) in paragraph at lines 239--246

 []

[6 </home/crow/Pictures/Screenshots/15.png>]
Underfull \hbox (badness 10000) in paragraph at lines 247--254

 []


Underfull \hbox (badness 10000) in paragraph at lines 255--262

 []

</home/crow/Pictures/Screenshots/16.png, id=59, 736.7525pt x 176.66pt>
File: /home/crow/Pictures/Screenshots/16.png Graphic file (type png)
<use /home/crow/Pictures/Screenshots/16.png>
Package pdftex.def Info: /home/crow/Pictures/Screenshots/16.png  used on input 
line 267.
(pdftex.def)             Requested size: 409.71692pt x 98.24153pt.
[7 </home/crow/Pictures/Screenshots/16.png>]
</home/crow/Pictures/Screenshots/17.png, id=64, 736.7525pt x 176.66pt>
File: /home/crow/Pictures/Screenshots/17.png Graphic file (type png)
<use /home/crow/Pictures/Screenshots/17.png>
Package pdftex.def Info: /home/crow/Pictures/Screenshots/17.png  used on input 
line 275.
(pdftex.def)             Requested size: 409.71692pt x 98.24153pt.
</home/crow/Pictures/Screenshots/18.png, id=65, 736.7525pt x 176.66pt>
File: /home/crow/Pictures/Screenshots/18.png Graphic file (type png)
<use /home/crow/Pictures/Screenshots/18.png>
Package pdftex.def Info: /home/crow/Pictures/Screenshots/18.png  used on input 
line 284.
(pdftex.def)             Requested size: 409.71692pt x 98.24153pt.
</home/crow/Pictures/Screenshots/19.png, id=66, 736.7525pt x 125.46875pt>
File: /home/crow/Pictures/Screenshots/19.png Graphic file (type png)
<use /home/crow/Pictures/Screenshots/19.png>
Package pdftex.def Info: /home/crow/Pictures/Screenshots/19.png  used on input 
line 294.
(pdftex.def)             Requested size: 409.71692pt x 69.7738pt.
</home/crow/Pictures/Screenshots/20.png, id=67, 1121.18875pt x 494.84875pt>
File: /home/crow/Pictures/Screenshots/20.png Graphic file (type png)
<use /home/crow/Pictures/Screenshots/20.png>
Package pdftex.def Info: /home/crow/Pictures/Screenshots/20.png  used on input 
line 302.
(pdftex.def)             Requested size: 409.71692pt x 180.83348pt.
 [8 </home/crow/Pictures/Screenshots/17.png> </home/crow/Pictures/Screenshots/1
8.png> </home/crow/Pictures/Screenshots/19.png>]
</home/crow/Pictures/Screenshots/21.png, id=74, 746.79pt x 145.54375pt>
File: /home/crow/Pictures/Screenshots/21.png Graphic file (type png)
<use /home/crow/Pictures/Screenshots/21.png>
Package pdftex.def Info: /home/crow/Pictures/Screenshots/21.png  used on input 
line 308.
(pdftex.def)             Requested size: 409.71692pt x 79.84943pt.
</home/crow/Pictures/Screenshots/22.png, id=75, 908.39375pt x 218.8175pt>
File: /home/crow/Pictures/Screenshots/22.png Graphic file (type png)
<use /home/crow/Pictures/Screenshots/22.png>
Package pdftex.def Info: /home/crow/Pictures/Screenshots/22.png  used on input 
line 314.
(pdftex.def)             Requested size: 409.71692pt x 98.694pt.
 [9 </home/crow/Pictures/Screenshots/20.png> </home/crow/Pictures/Screenshots/2
1.png> </home/crow/Pictures/Screenshots/22.png>]
</home/crow/Pictures/Screenshots/23.png, id=82, 710.655pt x 388.45125pt>
File: /home/crow/Pictures/Screenshots/23.png Graphic file (type png)
<use /home/crow/Pictures/Screenshots/23.png>
Package pdftex.def Info: /home/crow/Pictures/Screenshots/23.png  used on input 
line 329.
(pdftex.def)             Requested size: 409.71692pt x 223.96231pt.
</home/crow/Pictures/Screenshots/24.png, id=83, 710.655pt x 383.4325pt>
File: /home/crow/Pictures/Screenshots/24.png Graphic file (type png)
<use /home/crow/Pictures/Screenshots/24.png>
Package pdftex.def Info: /home/crow/Pictures/Screenshots/24.png  used on input 
line 335.
(pdftex.def)             Requested size: 409.71692pt x 221.06874pt.
</home/crow/Pictures/Screenshots/25.png, id=84, 409.53pt x 70.2625pt>
File: /home/crow/Pictures/Screenshots/25.png Graphic file (type png)
<use /home/crow/Pictures/Screenshots/25.png>
Package pdftex.def Info: /home/crow/Pictures/Screenshots/25.png  used on input 
line 341.
(pdftex.def)             Requested size: 409.71692pt x 70.29875pt.
</home/crow/Pictures/Screenshots/26.png, id=85, 688.5725pt x 553.06625pt>
File: /home/crow/Pictures/Screenshots/26.png Graphic file (type png)
<use /home/crow/Pictures/Screenshots/26.png>
Package pdftex.def Info: /home/crow/Pictures/Screenshots/26.png  used on input 
line 345.
(pdftex.def)             Requested size: 409.71692pt x 329.09116pt.
 [10 </home/crow/Pictures/Screenshots/23.png> </home/crow/Pictures/Screenshots/
24.png> </home/crow/Pictures/Screenshots/25.png>]
</home/crow/Pictures/Screenshots/27.png, id=92, 345.29pt x 209.78375pt>
File: /home/crow/Pictures/Screenshots/27.png Graphic file (type png)
<use /home/crow/Pictures/Screenshots/27.png>
Package pdftex.def Info: /home/crow/Pictures/Screenshots/27.png  used on input 
line 353.
(pdftex.def)             Requested size: 409.71692pt x 248.9319pt.
 [11 </home/crow/Pictures/Screenshots/26.png> </home/crow/Pictures/Screenshots/
27.png>]
</home/crow/Pictures/Screenshots/28.png, id=98, 393.47pt x 62.2325pt>
File: /home/crow/Pictures/Screenshots/28.png Graphic file (type png)
<use /home/crow/Pictures/Screenshots/28.png>
Package pdftex.def Info: /home/crow/Pictures/Screenshots/28.png  used on input 
line 361.
(pdftex.def)             Requested size: 409.71692pt x 64.80193pt.
</home/crow/Pictures/Screenshots/29.png, id=99, 394.47375pt x 250.9375pt>
File: /home/crow/Pictures/Screenshots/29.png Graphic file (type png)
<use /home/crow/Pictures/Screenshots/29.png>
Package pdftex.def Info: /home/crow/Pictures/Screenshots/29.png  used on input 
line 365.
(pdftex.def)             Requested size: 409.71692pt x 260.63571pt.
</home/crow/Pictures/Screenshots/30.png, id=100, 579.16376pt x 169.63374pt>
File: /home/crow/Pictures/Screenshots/30.png Graphic file (type png)
<use /home/crow/Pictures/Screenshots/30.png>
Package pdftex.def Info: /home/crow/Pictures/Screenshots/30.png  used on input 
line 372.
(pdftex.def)             Requested size: 409.71692pt x 120.00334pt.
</home/crow/Pictures/Screenshots/31.png, id=101, 261.97874pt x 118.4425pt>
File: /home/crow/Pictures/Screenshots/31.png Graphic file (type png)
<use /home/crow/Pictures/Screenshots/31.png>
Package pdftex.def Info: /home/crow/Pictures/Screenshots/31.png  used on input 
line 380.
(pdftex.def)             Requested size: 409.71692pt x 185.24124pt.
 [12 </home/crow/Pictures/Screenshots/28.png> </home/crow/Pictures/Screenshots/
29.png> </home/crow/Pictures/Screenshots/30.png>]
</home/crow/Pictures/Screenshots/32.png, id=109, 479.7925pt x 284.06125pt>
File: /home/crow/Pictures/Screenshots/32.png Graphic file (type png)
<use /home/crow/Pictures/Screenshots/32.png>
Package pdftex.def Info: /home/crow/Pictures/Screenshots/32.png  used on input 
line 399.
(pdftex.def)             Requested size: 409.71692pt x 242.57579pt.
</home/crow/Pictures/Screenshots/33.png, id=110, 479.7925pt x 77.28876pt>
File: /home/crow/Pictures/Screenshots/33.png Graphic file (type png)
<use /home/crow/Pictures/Screenshots/33.png>
Package pdftex.def Info: /home/crow/Pictures/Screenshots/33.png  used on input 
line 406.
(pdftex.def)             Requested size: 409.71692pt x 66.00119pt.
 [13 </home/crow/Pictures/Screenshots/31.png> </home/crow/Pictures/Screenshots/
32.png>]
</home/crow/Pictures/Screenshots/34.png, id=116, 438.63875pt x 143.53625pt>
File: /home/crow/Pictures/Screenshots/34.png Graphic file (type png)
<use /home/crow/Pictures/Screenshots/34.png>
Package pdftex.def Info: /home/crow/Pictures/Screenshots/34.png  used on input 
line 412.
(pdftex.def)             Requested size: 409.71692pt x 134.07428pt.
</home/crow/Pictures/Screenshots/35.png, id=117, 698.61pt x 508.90125pt>
File: /home/crow/Pictures/Screenshots/35.png Graphic file (type png)
<use /home/crow/Pictures/Screenshots/35.png>
Package pdftex.def Info: /home/crow/Pictures/Screenshots/35.png  used on input 
line 419.
(pdftex.def)             Requested size: 409.71692pt x 298.46313pt.
</home/crow/Pictures/Screenshots/36.png, id=118, 377.41pt x 116.435pt>
File: /home/crow/Pictures/Screenshots/36.png Graphic file (type png)
<use /home/crow/Pictures/Screenshots/36.png>
Package pdftex.def Info: /home/crow/Pictures/Screenshots/36.png  used on input 
line 426.
(pdftex.def)             Requested size: 409.71692pt x 126.40172pt.
</home/crow/Pictures/Screenshots/37.png, id=119, 638.385pt x 236.885pt>
File: /home/crow/Pictures/Screenshots/37.png Graphic file (type png)
<use /home/crow/Pictures/Screenshots/37.png>
Package pdftex.def Info: /home/crow/Pictures/Screenshots/37.png  used on input 
line 430.
(pdftex.def)             Requested size: 409.71692pt x 152.0324pt.
 [14 </home/crow/Pictures/Screenshots/33.png> </home/crow/Pictures/Screenshots/
34.png> </home/crow/Pictures/Screenshots/35.png>]
</home/crow/Pictures/Screenshots/38.png, id=126, 282.05376pt x 73.27374pt>
File: /home/crow/Pictures/Screenshots/38.png Graphic file (type png)
<use /home/crow/Pictures/Screenshots/38.png>
Package pdftex.def Info: /home/crow/Pictures/Screenshots/38.png  used on input 
line 441.
(pdftex.def)             Requested size: 409.71692pt x 106.44655pt.
</home/crow/Pictures/Screenshots/39.png, id=127, 445.665pt x 303.1325pt>
File: /home/crow/Pictures/Screenshots/39.png Graphic file (type png)
<use /home/crow/Pictures/Screenshots/39.png>
Package pdftex.def Info: /home/crow/Pictures/Screenshots/39.png  used on input 
line 445.
(pdftex.def)             Requested size: 409.71692pt x 278.68176pt.
</home/crow/Pictures/Screenshots/40.png, id=128, 649.42625pt x 445.665pt>
File: /home/crow/Pictures/Screenshots/40.png Graphic file (type png)
<use /home/crow/Pictures/Screenshots/40.png>
Package pdftex.def Info: /home/crow/Pictures/Screenshots/40.png  used on input 
line 449.
(pdftex.def)             Requested size: 409.71692pt x 281.17165pt.
 [15 </home/crow/Pictures/Screenshots/36.png> </home/crow/Pictures/Screenshots/
37.png> </home/crow/Pictures/Screenshots/38.png>]
</home/crow/Pictures/Screenshots/41.png, id=135, 237.88875pt x 153.57375pt>
File: /home/crow/Pictures/Screenshots/41.png Graphic file (type png)
<use /home/crow/Pictures/Screenshots/41.png>
Package pdftex.def Info: /home/crow/Pictures/Screenshots/41.png  used on input 
line 453.
(pdftex.def)             Requested size: 409.71692pt x 264.51427pt.
 [16 </home/crow/Pictures/Screenshots/39.png> </home/crow/Pictures/Screenshots/
40.png>]
</home/crow/Pictures/Screenshots/42.png, id=141, 386.44376pt x 72.27pt>
File: /home/crow/Pictures/Screenshots/42.png Graphic file (type png)
<use /home/crow/Pictures/Screenshots/42.png>
Package pdftex.def Info: /home/crow/Pictures/Screenshots/42.png  used on input 
line 462.
(pdftex.def)             Requested size: 409.71692pt x 76.62234pt.
</home/crow/Pictures/Screenshots/43.png, id=142, 386.44376pt x 72.27pt>
File: /home/crow/Pictures/Screenshots/43.png Graphic file (type png)
<use /home/crow/Pictures/Screenshots/43.png>
Package pdftex.def Info: /home/crow/Pictures/Screenshots/43.png  used on input 
line 469.
(pdftex.def)             Requested size: 409.71692pt x 76.62234pt.
</home/crow/Pictures/Screenshots/44.png, id=143, 386.44376pt x 125.46875pt>
File: /home/crow/Pictures/Screenshots/44.png Graphic file (type png)
<use /home/crow/Pictures/Screenshots/44.png>
Package pdftex.def Info: /home/crow/Pictures/Screenshots/44.png  used on input 
line 473.
(pdftex.def)             Requested size: 409.71692pt x 133.02493pt.
 [17 </home/crow/Pictures/Screenshots/41.png> </home/crow/Pictures/Screenshots/
42.png> </home/crow/Pictures/Screenshots/43.png> </home/crow/Pictures/Screensho
ts/44.png>]
</home/crow/Pictures/Screenshots/45.png, id=151, 660.4675pt x 156.585pt>
File: /home/crow/Pictures/Screenshots/45.png Graphic file (type png)
<use /home/crow/Pictures/Screenshots/45.png>
Package pdftex.def Info: /home/crow/Pictures/Screenshots/45.png  used on input 
line 485.
(pdftex.def)             Requested size: 409.71692pt x 97.13902pt.
</home/crow/Pictures/Screenshots/46.png, id=152, 660.4675pt x 657.45625pt>
File: /home/crow/Pictures/Screenshots/46.png Graphic file (type png)
<use /home/crow/Pictures/Screenshots/46.png>
Package pdftex.def Info: /home/crow/Pictures/Screenshots/46.png  used on input 
line 491.
(pdftex.def)             Requested size: 409.71692pt x 407.85944pt.
</home/crow/Pictures/Screenshots/47.png, id=153, 526.96875pt x 411.5375pt>
File: /home/crow/Pictures/Screenshots/47.png Graphic file (type png)
<use /home/crow/Pictures/Screenshots/47.png>
Package pdftex.def Info: /home/crow/Pictures/Screenshots/47.png  used on input 
line 496.
(pdftex.def)             Requested size: 409.71692pt x 319.98695pt.
 [18 </home/crow/Pictures/Screenshots/45.png> </home/crow/Pictures/Screenshots/
46.png>]
</home/crow/Pictures/Screenshots/48.png, id=160, 573.14125pt x 420.57124pt>
File: /home/crow/Pictures/Screenshots/48.png Graphic file (type png)
<use /home/crow/Pictures/Screenshots/48.png>
Package pdftex.def Info: /home/crow/Pictures/Screenshots/48.png  used on input 
line 501.
(pdftex.def)             Requested size: 409.71692pt x 300.65482pt.
</home/crow/Pictures/Screenshots/49.png, id=161, 573.14125pt x 230.8625pt>
File: /home/crow/Pictures/Screenshots/49.png Graphic file (type png)
<use /home/crow/Pictures/Screenshots/49.png>
Package pdftex.def Info: /home/crow/Pictures/Screenshots/49.png  used on input 
line 506.
(pdftex.def)             Requested size: 409.71692pt x 165.03725pt.
 [19 </home/crow/Pictures/Screenshots/47.png> </home/crow/Pictures/Screenshots/
48.png>]
</home/crow/Pictures/Screenshots/50.png, id=167, 573.14125pt x 103.38625pt>
File: /home/crow/Pictures/Screenshots/50.png Graphic file (type png)
<use /home/crow/Pictures/Screenshots/50.png>
Package pdftex.def Info: /home/crow/Pictures/Screenshots/50.png  used on input 
line 512.
(pdftex.def)             Requested size: 409.71692pt x 73.90797pt.
</home/crow/Pictures/Screenshots/53.png, id=168, 585.18625pt x 222.8325pt>
File: /home/crow/Pictures/Screenshots/53.png Graphic file (type png)
<use /home/crow/Pictures/Screenshots/53.png>
Package pdftex.def Info: /home/crow/Pictures/Screenshots/53.png  used on input 
line 520.
(pdftex.def)             Requested size: 409.71692pt x 156.02248pt.
File: /home/crow/Pictures/Screenshots/53.png Graphic file (type png)
<use /home/crow/Pictures/Screenshots/53.png>
Package pdftex.def Info: /home/crow/Pictures/Screenshots/53.png  used on input 
line 526.
(pdftex.def)             Requested size: 409.71692pt x 156.02248pt.
</home/crow/Pictures/Screenshots/52.png, id=169, 552.0625pt x 417.56pt>
File: /home/crow/Pictures/Screenshots/52.png Graphic file (type png)
<use /home/crow/Pictures/Screenshots/52.png>
Package pdftex.def Info: /home/crow/Pictures/Screenshots/52.png  used on input 
line 530.
(pdftex.def)             Requested size: 409.71692pt x 309.90703pt.

[20 </home/crow/Pictures/Screenshots/49.png> </home/crow/Pictures/Screenshots/5
0.png> </home/crow/Pictures/Screenshots/53.png>]
Overfull \hbox (52.22247pt too wide) in paragraph at lines 533--537
[]\OT1/cmr/m/n/12 SELECT ta-ble[]name, col-umn[]name, data[]type, data[]length,
 nul-lable FROM user[]tab[]columns
 []

</home/crow/Pictures/Screenshots/54.png, id=176, 585.18625pt x 419.5675pt>
File: /home/crow/Pictures/Screenshots/54.png Graphic file (type png)
<use /home/crow/Pictures/Screenshots/54.png>
Package pdftex.def Info: /home/crow/Pictures/Screenshots/54.png  used on input 
line 544.
(pdftex.def)             Requested size: 409.71692pt x 293.77206pt.
[21 </home/crow/Pictures/Screenshots/52.png>]
</home/crow/Pictures/Screenshots/56.png, id=181, 584.1825pt x 684.5575pt>
File: /home/crow/Pictures/Screenshots/56.png Graphic file (type png)
<use /home/crow/Pictures/Screenshots/56.png>
Package pdftex.def Info: /home/crow/Pictures/Screenshots/56.png  used on input 
line 554.
(pdftex.def)             Requested size: 409.71692pt x 480.12708pt.
 [22 </home/crow/Pictures/Screenshots/54.png>]
</home/crow/Pictures/Screenshots/55.png, id=186, 585.18625pt x 246.9225pt>
File: /home/crow/Pictures/Screenshots/55.png Graphic file (type png)
<use /home/crow/Pictures/Screenshots/55.png>
Package pdftex.def Info: /home/crow/Pictures/Screenshots/55.png  used on input 
line 562.
(pdftex.def)             Requested size: 409.71692pt x 172.88977pt.
 [23 </home/crow/Pictures/Screenshots/56.png>]
File: /home/crow/Pictures/Screenshots/56.png Graphic file (type png)
<use /home/crow/Pictures/Screenshots/56.png>
Package pdftex.def Info: /home/crow/Pictures/Screenshots/56.png  used on input 
line 570.
(pdftex.def)             Requested size: 409.71692pt x 480.12708pt.
 [24 </home/crow/Pictures/Screenshots/55.png>]
</home/crow/Pictures/Screenshots/57.png, id=196, 498.86375pt x 226.8475pt>
File: /home/crow/Pictures/Screenshots/57.png Graphic file (type png)
<use /home/crow/Pictures/Screenshots/57.png>
Package pdftex.def Info: /home/crow/Pictures/Screenshots/57.png  used on input 
line 578.
(pdftex.def)             Requested size: 409.71692pt x 186.31383pt.
 [25]
</home/crow/Pictures/Screenshots/58.png, id=200, 488.82625pt x 199.74625pt>
File: /home/crow/Pictures/Screenshots/58.png Graphic file (type png)
<use /home/crow/Pictures/Screenshots/58.png>
Package pdftex.def Info: /home/crow/Pictures/Screenshots/58.png  used on input 
line 587.
(pdftex.def)             Requested size: 409.71692pt x 167.423pt.
 [26 </home/crow/Pictures/Screenshots/57.png> </home/crow/Pictures/Screenshots/
58.png>] (./fuckingrapport2.aux) ) 
Here is how much of TeX's memory you used:
 2363 strings out of 480247
 46873 string characters out of 5896150
 331534 words of memory out of 5000000
 20276 multiletter control sequences out of 15000+600000
 471374 words of font info for 35 fonts, out of 8000000 for 9000
 14 hyphenation exceptions out of 8191
 55i,7n,62p,430b,311s stack positions out of 5000i,500n,10000p,200000b,80000s
</usr/share/texlive/texmf-dist/fonts/type1/pu
blic/amsfonts/cm/cmbx12.pfb></usr/share/texlive/texmf-dist/fonts/type1/public/a
msfonts/cm/cmr12.pfb></usr/share/texlive/texmf-dist/fonts/type1/public/amsfonts
/cm/cmr17.pfb>
Output written on fuckingrapport2.pdf (27 pages, 814930 bytes).
PDF statistics:
 221 PDF objects out of 1000 (max. 8388607)
 71 compressed objects within 1 object stream
 0 named destinations out of 1000 (max. 500000)
 286 words of extra memory for PDF output out of 10000 (max. 10000000)

